#
# A fatal error has been detected by the Java Runtime Environment:
#
#  EXCEPTION_ACCESS_VIOLATION (0xc0000005) at pc=0x00007ffcbeaff330, pid=16296, tid=18368
#
# JRE version: OpenJDK Runtime Environment Temurin-17.0.5+8 (17.0.5+8) (build 17.0.5+8)
# Java VM: OpenJDK 64-Bit Server VM Temurin-17.0.5+8 (17.0.5+8, mixed mode, sharing, tiered, compressed oops, compressed class ptrs, g1 gc, windows-amd64)
# Problematic frame:
# C  [atio6axx.dll+0x228f330]
#
# No core dump will be written. Minidumps are not enabled by default on client versions of Windows
#
# If you would like to submit a bug report, please visit:
#   https://github.com/adoptium/adoptium-support/issues
# The crash happened outside the Java Virtual Machine in native code.
# See problematic frame for where to report the bug.
#

---------------  S U M M A R Y ------------

Command Line: -Dfile.encoding=windows-1252 -Duser.country=US -Duser.language=en -Duser.variant com.ambrosia.Main

Host: Intel(R) Core(TM) i7-8565U CPU @ 1.80GHz, 8 cores, 15G,  Windows 11 , 64 bit Build 22621 (10.0.22621.1680)
Time: Mon May  8 14:47:19 2023 Pacific Daylight Time elapsed time: 1.545142 seconds (0d 0h 0m 1s)

---------------  T H R E A D  ---------------

Current thread (0x0000022469fdc890):  JavaThread "main" [_thread_in_native, id=18368, stack(0x000000f3f8800000,0x000000f3f8900000)]

Stack: [0x000000f3f8800000,0x000000f3f8900000],  sp=0x000000f3f88fedd8,  free space=1019k
Native frames: (J=compiled Java code, j=interpreted, Vv=VM code, C=native code)
C  [atio6axx.dll+0x228f330]

Java frames: (J=compiled Java code, j=interpreted, Vv=VM code)
j  org.lwjgl.opengl.GL12C.nglTexImage3D(IIIIIIIIIJ)V+0
j  org.lwjgl.opengl.GL12C.glTexImage3D(IIIIIIIIILjava/nio/IntBuffer;)V+19
j  com.ambrosia.Main.loop()V+299
j  com.ambrosia.Main.run()V+14
j  com.ambrosia.Main.main([Ljava/lang/String;)V+7
v  ~StubRoutines::call_stub

siginfo: EXCEPTION_ACCESS_VIOLATION (0xc0000005), reading address 0x000002243e025220


Register to memory mapping:

RIP=0x00007ffcbeaff330 atio6axx.dll
RAX=0x000002243a8d9300 points into unknown readable memory: 0x0000000000000000 | 00 00 00 00 00 00 00 00
RBX=0x0000022419ae3268 points into unknown readable memory: 0x0000000000000000 | 00 00 00 00 00 00 00 00
RCX=0x000002243a8d9300 points into unknown readable memory: 0x0000000000000000 | 00 00 00 00 00 00 00 00
RDX=0x000002243dc54940 points into unknown readable memory: 0x0000000000000000 | 00 00 00 00 00 00 00 00
RSP=0x000000f3f88fedd8 is pointing into the stack for thread: 0x0000022469fdc890
RBP=0x000000f3f88fee69 is pointing into the stack for thread: 0x0000022469fdc890
RSI=0x0000000000000068 is an unknown value
RDI=0x000002243a8d9300 points into unknown readable memory: 0x0000000000000000 | 00 00 00 00 00 00 00 00
R8 =0x00000000003d0900 is an unknown value
R9 =0x00000000003d3bc0 is an unknown value
R10=0x00007ffcbc870000 atio6axx.dll
R11=0x0000022418960520 points into unknown readable memory: 0x0000000000000000 | 00 00 00 00 00 00 00 00
R12=0x00000224189df740 points into unknown readable memory: 0x0000022419adc040 | 40 c0 ad 19 24 02 00 00
R13=0x000002241889d080 points into unknown readable memory: 0x00007ffcc031a260 | 60 a2 31 c0 fc 7f 00 00
R14=0x00000000003d0900 is an unknown value
R15=0x0 is NULL


Registers:
RAX=0x000002243a8d9300, RBX=0x0000022419ae3268, RCX=0x000002243a8d9300, RDX=0x000002243dc54940
RSP=0x000000f3f88fedd8, RBP=0x000000f3f88fee69, RSI=0x0000000000000068, RDI=0x000002243a8d9300
R8 =0x00000000003d0900, R9 =0x00000000003d3bc0, R10=0x00007ffcbc870000, R11=0x0000022418960520
R12=0x00000224189df740, R13=0x000002241889d080, R14=0x00000000003d0900, R15=0x0000000000000000
RIP=0x00007ffcbeaff330, EFLAGS=0x0000000000010206

Top of Stack: (sp=0x000000f3f88fedd8)
0x000000f3f88fedd8:   00007ffcbce799c8 00000000003d0900
0x000000f3f88fede8:   000000f3f88fee69 0000000000000064
0x000000f3f88fedf8:   00007ffcbcce83cc 0000022400000064
0x000000f3f88fee08:   0000022400000064 0000022400008d94
0x000000f3f88fee18:   00007ffc00001405 0000000100000000
0x000000f3f88fee28:   0000000200000001 0000000000000001
0x000000f3f88fee38:   0000000000000001 000002243a8d9300
0x000000f3f88fee48:   00000000003d0900 0000000000000040
0x000000f3f88fee58:   0000000000000000 0000000000000000
0x000000f3f88fee68:   0000000000000000 0000000000008d94
0x000000f3f88fee78:   0000000000001405 0000000000000064
0x000000f3f88fee88:   0000000000000064 000002243d884040
0x000000f3f88fee98:   000002241889d080 0000022417991fb8
0x000000f3f88feea8:   00007ffcbcf4d871 000002241889d000
0x000000f3f88feeb8:   000000000000806f 0000000000000000
0x000000f3f88feec8:   0000000000008232 0000000000000064 

Instructions: (pc=0x00007ffcbeaff330)
0x00007ffcbeaff230:   89 40 04 44 88 48 06 c3 4c 8b 02 8b 4a 08 44 0f
0x00007ffcbeaff240:   b7 4a 0c 4c 89 00 89 48 08 66 44 89 48 0c c3 0f
0x00007ffcbeaff250:   b7 0a 44 0f b6 42 02 66 89 08 44 88 40 02 c3 90
0x00007ffcbeaff260:   4c 8b 02 8b 4a 08 44 0f b6 4a 0c 4c 89 00 89 48
0x00007ffcbeaff270:   08 44 88 48 0c c3 4c 8b 02 0f b7 4a 08 4c 89 00
0x00007ffcbeaff280:   66 89 48 08 c3 4c 8b 02 0f b6 4a 08 4c 89 00 88
0x00007ffcbeaff290:   48 08 c3 4c 8b 02 8b 4a 08 4c 89 00 89 48 08 c3
0x00007ffcbeaff2a0:   8b 0a 44 0f b7 42 04 89 08 66 44 89 40 04 c3 8b
0x00007ffcbeaff2b0:   0a 44 0f b6 42 04 89 08 44 88 40 04 c3 48 8b 0a
0x00007ffcbeaff2c0:   48 89 08 c3 0f b6 0a 88 08 c3 8b 0a 89 08 c3 90
0x00007ffcbeaff2d0:   49 83 f8 20 77 17 f3 0f 6f 0a f3 42 0f 6f 54 02
0x00007ffcbeaff2e0:   f0 f3 0f 7f 09 f3 42 0f 7f 54 01 f0 c3 48 3b d1
0x00007ffcbeaff2f0:   73 0e 4e 8d 0c 02 49 3b c9 0f 82 41 04 00 00 90
0x00007ffcbeaff300:   83 3d 59 2d e6 01 03 0f 82 e3 02 00 00 49 81 f8
0x00007ffcbeaff310:   00 20 00 00 76 16 49 81 f8 00 00 18 00 77 0d f6
0x00007ffcbeaff320:   05 3e 41 01 02 02 0f 85 64 fe ff ff c5 fe 6f 02
0x00007ffcbeaff330:   c4 a1 7e 6f 6c 02 e0 49 81 f8 00 01 00 00 0f 86
0x00007ffcbeaff340:   c4 00 00 00 4c 8b c9 49 83 e1 1f 49 83 e9 20 49
0x00007ffcbeaff350:   2b c9 49 2b d1 4d 03 c1 49 81 f8 00 01 00 00 0f
0x00007ffcbeaff360:   86 a3 00 00 00 49 81 f8 00 00 18 00 0f 87 3e 01
0x00007ffcbeaff370:   00 00 66 66 66 66 66 66 0f 1f 84 00 00 00 00 00
0x00007ffcbeaff380:   c5 fe 6f 0a c5 fe 6f 52 20 c5 fe 6f 5a 40 c5 fe
0x00007ffcbeaff390:   6f 62 60 c5 fd 7f 09 c5 fd 7f 51 20 c5 fd 7f 59
0x00007ffcbeaff3a0:   40 c5 fd 7f 61 60 c5 fe 6f 8a 80 00 00 00 c5 fe
0x00007ffcbeaff3b0:   6f 92 a0 00 00 00 c5 fe 6f 9a c0 00 00 00 c5 fe
0x00007ffcbeaff3c0:   6f a2 e0 00 00 00 c5 fd 7f 89 80 00 00 00 c5 fd
0x00007ffcbeaff3d0:   7f 91 a0 00 00 00 c5 fd 7f 99 c0 00 00 00 c5 fd
0x00007ffcbeaff3e0:   7f a1 e0 00 00 00 48 81 c1 00 01 00 00 48 81 c2
0x00007ffcbeaff3f0:   00 01 00 00 49 81 e8 00 01 00 00 49 81 f8 00 01
0x00007ffcbeaff400:   00 00 0f 83 78 ff ff ff 4d 8d 48 1f 49 83 e1 e0
0x00007ffcbeaff410:   4d 8b d9 49 c1 eb 05 47 8b 9c 9a 40 f0 4b 04 4d
0x00007ffcbeaff420:   03 da 41 ff e3 c4 a1 7e 6f 8c 0a 00 ff ff ff c4 


Stack slot to memory mapping:
stack at sp + 0 slots: 0x00007ffcbce799c8 atio6axx.dll
stack at sp + 1 slots: 0x00000000003d0900 is an unknown value
stack at sp + 2 slots: 0x000000f3f88fee69 is pointing into the stack for thread: 0x0000022469fdc890
stack at sp + 3 slots: 0x0000000000000064 is an unknown value
stack at sp + 4 slots: 0x00007ffcbcce83cc atio6axx.dll
stack at sp + 5 slots: 0x0000022400000064 is at code_begin+-28 in 
[CodeBlob (0x0000022400000010)]
Framesize: 0
BufferBlob (0x0000022400000010) used for flush_icache_stub
stack at sp + 6 slots: 0x0000022400000064 is at code_begin+-28 in 
[CodeBlob (0x0000022400000010)]
Framesize: 0
BufferBlob (0x0000022400000010) used for flush_icache_stub
stack at sp + 7 slots: 0x0000022400008d94 points into unknown readable memory: 00 00 00 00


---------------  P R O C E S S  ---------------

Threads class SMR info:
_java_thread_list=0x00000224194f86e0, length=12, elements={
0x0000022469fdc890, 0x000002247dc16380, 0x000002247dc16b40, 0x000002247dc2a3a0,
0x000002247dc2eb70, 0x000002247dc32150, 0x000002247dc32710, 0x000002247dc394d0,
0x000002247dc470d0, 0x000002247dc3c290, 0x000002247e02eb20, 0x000002247e035ab0
}

Java Threads: ( => current thread )
=>0x0000022469fdc890 JavaThread "main" [_thread_in_native, id=18368, stack(0x000000f3f8800000,0x000000f3f8900000)]
  0x000002247dc16380 JavaThread "Reference Handler" daemon [_thread_blocked, id=18204, stack(0x000000f3f8f00000,0x000000f3f9000000)]
  0x000002247dc16b40 JavaThread "Finalizer" daemon [_thread_blocked, id=15984, stack(0x000000f3f9000000,0x000000f3f9100000)]
  0x000002247dc2a3a0 JavaThread "Signal Dispatcher" daemon [_thread_blocked, id=21424, stack(0x000000f3f9100000,0x000000f3f9200000)]
  0x000002247dc2eb70 JavaThread "Attach Listener" daemon [_thread_blocked, id=17344, stack(0x000000f3f9200000,0x000000f3f9300000)]
  0x000002247dc32150 JavaThread "Service Thread" daemon [_thread_blocked, id=8448, stack(0x000000f3f9300000,0x000000f3f9400000)]
  0x000002247dc32710 JavaThread "Monitor Deflation Thread" daemon [_thread_blocked, id=18208, stack(0x000000f3f9400000,0x000000f3f9500000)]
  0x000002247dc394d0 JavaThread "C2 CompilerThread0" daemon [_thread_blocked, id=9660, stack(0x000000f3f9500000,0x000000f3f9600000)]
  0x000002247dc470d0 JavaThread "C1 CompilerThread0" daemon [_thread_blocked, id=15592, stack(0x000000f3f9600000,0x000000f3f9700000)]
  0x000002247dc3c290 JavaThread "Sweeper thread" daemon [_thread_blocked, id=6108, stack(0x000000f3f9700000,0x000000f3f9800000)]
  0x000002247e02eb20 JavaThread "Notification Thread" daemon [_thread_blocked, id=17600, stack(0x000000f3f9800000,0x000000f3f9900000)]
  0x000002247e035ab0 JavaThread "Common-Cleaner" daemon [_thread_blocked, id=20592, stack(0x000000f3f9a00000,0x000000f3f9b00000)]

Other Threads:
  0x000002247dc104a0 VMThread "VM Thread" [stack: 0x000000f3f8e00000,0x000000f3f8f00000] [id=6288]
  0x000002247e02f400 WatcherThread [stack: 0x000000f3f9900000,0x000000f3f9a00000] [id=11156]
  0x000002246a046f90 GCTaskThread "GC Thread#0" [stack: 0x000000f3f8900000,0x000000f3f8a00000] [id=19808]
  0x000002246a058170 ConcurrentGCThread "G1 Main Marker" [stack: 0x000000f3f8a00000,0x000000f3f8b00000] [id=3964]
  0x000002246a058ce0 ConcurrentGCThread "G1 Conc#0" [stack: 0x000000f3f8b00000,0x000000f3f8c00000] [id=9316]
  0x000002246a09e940 ConcurrentGCThread "G1 Refine#0" [stack: 0x000000f3f8c00000,0x000000f3f8d00000] [id=10528]
  0x000002247db4af90 ConcurrentGCThread "G1 Service" [stack: 0x000000f3f8d00000,0x000000f3f8e00000] [id=18408]

Threads with active compile tasks:

VM state: not at safepoint (normal execution)

VM Mutex/Monitor currently owned by a thread: None

Heap address: 0x0000000703600000, size: 4042 MB, Compressed Oops mode: Zero based, Oop shift amount: 3

CDS archive(s) mapped at: [0x0000000800000000-0x0000000800bc0000-0x0000000800bc0000), size 12320768, SharedBaseAddress: 0x0000000800000000, ArchiveRelocationMode: 0.
Compressed class space mapped at: 0x0000000800c00000-0x0000000840c00000, reserved size: 1073741824
Narrow klass base: 0x0000000800000000, Narrow klass shift: 0, Narrow klass range: 0x100000000

GC Precious Log:
 CPUs: 8 total, 8 available
 Memory: 16166M
 Large Page Support: Disabled
 NUMA Support: Disabled
 Compressed Oops: Enabled (Zero based)
 Heap Region Size: 2M
 Heap Min Capacity: 8M
 Heap Initial Capacity: 254M
 Heap Max Capacity: 4042M
 Pre-touch: Disabled
 Parallel Workers: 8
 Concurrent Workers: 2
 Concurrent Refinement Workers: 8
 Periodic GC: Disabled

Heap:
 garbage-first heap   total 260096K, used 14336K [0x0000000703600000, 0x0000000800000000)
  region size 2048K, 8 young (16384K), 0 survivors (0K)
 Metaspace       used 4215K, committed 4480K, reserved 1056768K
  class space    used 255K, committed 384K, reserved 1048576K

Heap Regions: E=young(eden), S=young(survivor), O=old, HS=humongous(starts), HC=humongous(continues), CS=collection set, F=free, OA=open archive, CA=closed archive, TAMS=top-at-mark-start (previous, next)
|   0|0x0000000703600000, 0x0000000703600000, 0x0000000703800000|  0%| F|  |TAMS 0x0000000703600000, 0x0000000703600000| Untracked 
|   1|0x0000000703800000, 0x0000000703800000, 0x0000000703a00000|  0%| F|  |TAMS 0x0000000703800000, 0x0000000703800000| Untracked 
|   2|0x0000000703a00000, 0x0000000703a00000, 0x0000000703c00000|  0%| F|  |TAMS 0x0000000703a00000, 0x0000000703a00000| Untracked 
|   3|0x0000000703c00000, 0x0000000703c00000, 0x0000000703e00000|  0%| F|  |TAMS 0x0000000703c00000, 0x0000000703c00000| Untracked 
|   4|0x0000000703e00000, 0x0000000703e00000, 0x0000000704000000|  0%| F|  |TAMS 0x0000000703e00000, 0x0000000703e00000| Untracked 
|   5|0x0000000704000000, 0x0000000704000000, 0x0000000704200000|  0%| F|  |TAMS 0x0000000704000000, 0x0000000704000000| Untracked 
|   6|0x0000000704200000, 0x0000000704200000, 0x0000000704400000|  0%| F|  |TAMS 0x0000000704200000, 0x0000000704200000| Untracked 
|   7|0x0000000704400000, 0x0000000704400000, 0x0000000704600000|  0%| F|  |TAMS 0x0000000704400000, 0x0000000704400000| Untracked 
|   8|0x0000000704600000, 0x0000000704600000, 0x0000000704800000|  0%| F|  |TAMS 0x0000000704600000, 0x0000000704600000| Untracked 
|   9|0x0000000704800000, 0x0000000704800000, 0x0000000704a00000|  0%| F|  |TAMS 0x0000000704800000, 0x0000000704800000| Untracked 
|  10|0x0000000704a00000, 0x0000000704a00000, 0x0000000704c00000|  0%| F|  |TAMS 0x0000000704a00000, 0x0000000704a00000| Untracked 
|  11|0x0000000704c00000, 0x0000000704c00000, 0x0000000704e00000|  0%| F|  |TAMS 0x0000000704c00000, 0x0000000704c00000| Untracked 
|  12|0x0000000704e00000, 0x0000000704e00000, 0x0000000705000000|  0%| F|  |TAMS 0x0000000704e00000, 0x0000000704e00000| Untracked 
|  13|0x0000000705000000, 0x0000000705000000, 0x0000000705200000|  0%| F|  |TAMS 0x0000000705000000, 0x0000000705000000| Untracked 
|  14|0x0000000705200000, 0x0000000705200000, 0x0000000705400000|  0%| F|  |TAMS 0x0000000705200000, 0x0000000705200000| Untracked 
|  15|0x0000000705400000, 0x0000000705400000, 0x0000000705600000|  0%| F|  |TAMS 0x0000000705400000, 0x0000000705400000| Untracked 
|  16|0x0000000705600000, 0x0000000705600000, 0x0000000705800000|  0%| F|  |TAMS 0x0000000705600000, 0x0000000705600000| Untracked 
|  17|0x0000000705800000, 0x0000000705800000, 0x0000000705a00000|  0%| F|  |TAMS 0x0000000705800000, 0x0000000705800000| Untracked 
|  18|0x0000000705a00000, 0x0000000705a00000, 0x0000000705c00000|  0%| F|  |TAMS 0x0000000705a00000, 0x0000000705a00000| Untracked 
|  19|0x0000000705c00000, 0x0000000705c00000, 0x0000000705e00000|  0%| F|  |TAMS 0x0000000705c00000, 0x0000000705c00000| Untracked 
|  20|0x0000000705e00000, 0x0000000705e00000, 0x0000000706000000|  0%| F|  |TAMS 0x0000000705e00000, 0x0000000705e00000| Untracked 
|  21|0x0000000706000000, 0x0000000706000000, 0x0000000706200000|  0%| F|  |TAMS 0x0000000706000000, 0x0000000706000000| Untracked 
|  22|0x0000000706200000, 0x0000000706200000, 0x0000000706400000|  0%| F|  |TAMS 0x0000000706200000, 0x0000000706200000| Untracked 
|  23|0x0000000706400000, 0x0000000706400000, 0x0000000706600000|  0%| F|  |TAMS 0x0000000706400000, 0x0000000706400000| Untracked 
|  24|0x0000000706600000, 0x0000000706600000, 0x0000000706800000|  0%| F|  |TAMS 0x0000000706600000, 0x0000000706600000| Untracked 
|  25|0x0000000706800000, 0x0000000706800000, 0x0000000706a00000|  0%| F|  |TAMS 0x0000000706800000, 0x0000000706800000| Untracked 
|  26|0x0000000706a00000, 0x0000000706a00000, 0x0000000706c00000|  0%| F|  |TAMS 0x0000000706a00000, 0x0000000706a00000| Untracked 
|  27|0x0000000706c00000, 0x0000000706c00000, 0x0000000706e00000|  0%| F|  |TAMS 0x0000000706c00000, 0x0000000706c00000| Untracked 
|  28|0x0000000706e00000, 0x0000000706e00000, 0x0000000707000000|  0%| F|  |TAMS 0x0000000706e00000, 0x0000000706e00000| Untracked 
|  29|0x0000000707000000, 0x0000000707000000, 0x0000000707200000|  0%| F|  |TAMS 0x0000000707000000, 0x0000000707000000| Untracked 
|  30|0x0000000707200000, 0x0000000707200000, 0x0000000707400000|  0%| F|  |TAMS 0x0000000707200000, 0x0000000707200000| Untracked 
|  31|0x0000000707400000, 0x0000000707400000, 0x0000000707600000|  0%| F|  |TAMS 0x0000000707400000, 0x0000000707400000| Untracked 
|  32|0x0000000707600000, 0x0000000707600000, 0x0000000707800000|  0%| F|  |TAMS 0x0000000707600000, 0x0000000707600000| Untracked 
|  33|0x0000000707800000, 0x0000000707800000, 0x0000000707a00000|  0%| F|  |TAMS 0x0000000707800000, 0x0000000707800000| Untracked 
|  34|0x0000000707a00000, 0x0000000707a00000, 0x0000000707c00000|  0%| F|  |TAMS 0x0000000707a00000, 0x0000000707a00000| Untracked 
|  35|0x0000000707c00000, 0x0000000707c00000, 0x0000000707e00000|  0%| F|  |TAMS 0x0000000707c00000, 0x0000000707c00000| Untracked 
|  36|0x0000000707e00000, 0x0000000707e00000, 0x0000000708000000|  0%| F|  |TAMS 0x0000000707e00000, 0x0000000707e00000| Untracked 
|  37|0x0000000708000000, 0x0000000708000000, 0x0000000708200000|  0%| F|  |TAMS 0x0000000708000000, 0x0000000708000000| Untracked 
|  38|0x0000000708200000, 0x0000000708200000, 0x0000000708400000|  0%| F|  |TAMS 0x0000000708200000, 0x0000000708200000| Untracked 
|  39|0x0000000708400000, 0x0000000708400000, 0x0000000708600000|  0%| F|  |TAMS 0x0000000708400000, 0x0000000708400000| Untracked 
|  40|0x0000000708600000, 0x0000000708600000, 0x0000000708800000|  0%| F|  |TAMS 0x0000000708600000, 0x0000000708600000| Untracked 
|  41|0x0000000708800000, 0x0000000708800000, 0x0000000708a00000|  0%| F|  |TAMS 0x0000000708800000, 0x0000000708800000| Untracked 
|  42|0x0000000708a00000, 0x0000000708a00000, 0x0000000708c00000|  0%| F|  |TAMS 0x0000000708a00000, 0x0000000708a00000| Untracked 
|  43|0x0000000708c00000, 0x0000000708c00000, 0x0000000708e00000|  0%| F|  |TAMS 0x0000000708c00000, 0x0000000708c00000| Untracked 
|  44|0x0000000708e00000, 0x0000000708e00000, 0x0000000709000000|  0%| F|  |TAMS 0x0000000708e00000, 0x0000000708e00000| Untracked 
|  45|0x0000000709000000, 0x0000000709000000, 0x0000000709200000|  0%| F|  |TAMS 0x0000000709000000, 0x0000000709000000| Untracked 
|  46|0x0000000709200000, 0x0000000709200000, 0x0000000709400000|  0%| F|  |TAMS 0x0000000709200000, 0x0000000709200000| Untracked 
|  47|0x0000000709400000, 0x0000000709400000, 0x0000000709600000|  0%| F|  |TAMS 0x0000000709400000, 0x0000000709400000| Untracked 
|  48|0x0000000709600000, 0x0000000709600000, 0x0000000709800000|  0%| F|  |TAMS 0x0000000709600000, 0x0000000709600000| Untracked 
|  49|0x0000000709800000, 0x0000000709800000, 0x0000000709a00000|  0%| F|  |TAMS 0x0000000709800000, 0x0000000709800000| Untracked 
|  50|0x0000000709a00000, 0x0000000709a00000, 0x0000000709c00000|  0%| F|  |TAMS 0x0000000709a00000, 0x0000000709a00000| Untracked 
|  51|0x0000000709c00000, 0x0000000709c00000, 0x0000000709e00000|  0%| F|  |TAMS 0x0000000709c00000, 0x0000000709c00000| Untracked 
|  52|0x0000000709e00000, 0x0000000709e00000, 0x000000070a000000|  0%| F|  |TAMS 0x0000000709e00000, 0x0000000709e00000| Untracked 
|  53|0x000000070a000000, 0x000000070a000000, 0x000000070a200000|  0%| F|  |TAMS 0x000000070a000000, 0x000000070a000000| Untracked 
|  54|0x000000070a200000, 0x000000070a200000, 0x000000070a400000|  0%| F|  |TAMS 0x000000070a200000, 0x000000070a200000| Untracked 
|  55|0x000000070a400000, 0x000000070a400000, 0x000000070a600000|  0%| F|  |TAMS 0x000000070a400000, 0x000000070a400000| Untracked 
|  56|0x000000070a600000, 0x000000070a600000, 0x000000070a800000|  0%| F|  |TAMS 0x000000070a600000, 0x000000070a600000| Untracked 
|  57|0x000000070a800000, 0x000000070a800000, 0x000000070aa00000|  0%| F|  |TAMS 0x000000070a800000, 0x000000070a800000| Untracked 
|  58|0x000000070aa00000, 0x000000070aa00000, 0x000000070ac00000|  0%| F|  |TAMS 0x000000070aa00000, 0x000000070aa00000| Untracked 
|  59|0x000000070ac00000, 0x000000070ac00000, 0x000000070ae00000|  0%| F|  |TAMS 0x000000070ac00000, 0x000000070ac00000| Untracked 
|  60|0x000000070ae00000, 0x000000070ae00000, 0x000000070b000000|  0%| F|  |TAMS 0x000000070ae00000, 0x000000070ae00000| Untracked 
|  61|0x000000070b000000, 0x000000070b000000, 0x000000070b200000|  0%| F|  |TAMS 0x000000070b000000, 0x000000070b000000| Untracked 
|  62|0x000000070b200000, 0x000000070b200000, 0x000000070b400000|  0%| F|  |TAMS 0x000000070b200000, 0x000000070b200000| Untracked 
|  63|0x000000070b400000, 0x000000070b400000, 0x000000070b600000|  0%| F|  |TAMS 0x000000070b400000, 0x000000070b400000| Untracked 
|  64|0x000000070b600000, 0x000000070b600000, 0x000000070b800000|  0%| F|  |TAMS 0x000000070b600000, 0x000000070b600000| Untracked 
|  65|0x000000070b800000, 0x000000070b800000, 0x000000070ba00000|  0%| F|  |TAMS 0x000000070b800000, 0x000000070b800000| Untracked 
|  66|0x000000070ba00000, 0x000000070ba00000, 0x000000070bc00000|  0%| F|  |TAMS 0x000000070ba00000, 0x000000070ba00000| Untracked 
|  67|0x000000070bc00000, 0x000000070bc00000, 0x000000070be00000|  0%| F|  |TAMS 0x000000070bc00000, 0x000000070bc00000| Untracked 
|  68|0x000000070be00000, 0x000000070be00000, 0x000000070c000000|  0%| F|  |TAMS 0x000000070be00000, 0x000000070be00000| Untracked 
|  69|0x000000070c000000, 0x000000070c000000, 0x000000070c200000|  0%| F|  |TAMS 0x000000070c000000, 0x000000070c000000| Untracked 
|  70|0x000000070c200000, 0x000000070c200000, 0x000000070c400000|  0%| F|  |TAMS 0x000000070c200000, 0x000000070c200000| Untracked 
|  71|0x000000070c400000, 0x000000070c400000, 0x000000070c600000|  0%| F|  |TAMS 0x000000070c400000, 0x000000070c400000| Untracked 
|  72|0x000000070c600000, 0x000000070c600000, 0x000000070c800000|  0%| F|  |TAMS 0x000000070c600000, 0x000000070c600000| Untracked 
|  73|0x000000070c800000, 0x000000070c800000, 0x000000070ca00000|  0%| F|  |TAMS 0x000000070c800000, 0x000000070c800000| Untracked 
|  74|0x000000070ca00000, 0x000000070ca00000, 0x000000070cc00000|  0%| F|  |TAMS 0x000000070ca00000, 0x000000070ca00000| Untracked 
|  75|0x000000070cc00000, 0x000000070cc00000, 0x000000070ce00000|  0%| F|  |TAMS 0x000000070cc00000, 0x000000070cc00000| Untracked 
|  76|0x000000070ce00000, 0x000000070ce00000, 0x000000070d000000|  0%| F|  |TAMS 0x000000070ce00000, 0x000000070ce00000| Untracked 
|  77|0x000000070d000000, 0x000000070d000000, 0x000000070d200000|  0%| F|  |TAMS 0x000000070d000000, 0x000000070d000000| Untracked 
|  78|0x000000070d200000, 0x000000070d200000, 0x000000070d400000|  0%| F|  |TAMS 0x000000070d200000, 0x000000070d200000| Untracked 
|  79|0x000000070d400000, 0x000000070d400000, 0x000000070d600000|  0%| F|  |TAMS 0x000000070d400000, 0x000000070d400000| Untracked 
|  80|0x000000070d600000, 0x000000070d600000, 0x000000070d800000|  0%| F|  |TAMS 0x000000070d600000, 0x000000070d600000| Untracked 
|  81|0x000000070d800000, 0x000000070d800000, 0x000000070da00000|  0%| F|  |TAMS 0x000000070d800000, 0x000000070d800000| Untracked 
|  82|0x000000070da00000, 0x000000070da00000, 0x000000070dc00000|  0%| F|  |TAMS 0x000000070da00000, 0x000000070da00000| Untracked 
|  83|0x000000070dc00000, 0x000000070dc00000, 0x000000070de00000|  0%| F|  |TAMS 0x000000070dc00000, 0x000000070dc00000| Untracked 
|  84|0x000000070de00000, 0x000000070de00000, 0x000000070e000000|  0%| F|  |TAMS 0x000000070de00000, 0x000000070de00000| Untracked 
|  85|0x000000070e000000, 0x000000070e000000, 0x000000070e200000|  0%| F|  |TAMS 0x000000070e000000, 0x000000070e000000| Untracked 
|  86|0x000000070e200000, 0x000000070e200000, 0x000000070e400000|  0%| F|  |TAMS 0x000000070e200000, 0x000000070e200000| Untracked 
|  87|0x000000070e400000, 0x000000070e400000, 0x000000070e600000|  0%| F|  |TAMS 0x000000070e400000, 0x000000070e400000| Untracked 
|  88|0x000000070e600000, 0x000000070e600000, 0x000000070e800000|  0%| F|  |TAMS 0x000000070e600000, 0x000000070e600000| Untracked 
|  89|0x000000070e800000, 0x000000070e800000, 0x000000070ea00000|  0%| F|  |TAMS 0x000000070e800000, 0x000000070e800000| Untracked 
|  90|0x000000070ea00000, 0x000000070ea00000, 0x000000070ec00000|  0%| F|  |TAMS 0x000000070ea00000, 0x000000070ea00000| Untracked 
|  91|0x000000070ec00000, 0x000000070ec00000, 0x000000070ee00000|  0%| F|  |TAMS 0x000000070ec00000, 0x000000070ec00000| Untracked 
|  92|0x000000070ee00000, 0x000000070ee00000, 0x000000070f000000|  0%| F|  |TAMS 0x000000070ee00000, 0x000000070ee00000| Untracked 
|  93|0x000000070f000000, 0x000000070f000000, 0x000000070f200000|  0%| F|  |TAMS 0x000000070f000000, 0x000000070f000000| Untracked 
|  94|0x000000070f200000, 0x000000070f200000, 0x000000070f400000|  0%| F|  |TAMS 0x000000070f200000, 0x000000070f200000| Untracked 
|  95|0x000000070f400000, 0x000000070f400000, 0x000000070f600000|  0%| F|  |TAMS 0x000000070f400000, 0x000000070f400000| Untracked 
|  96|0x000000070f600000, 0x000000070f600000, 0x000000070f800000|  0%| F|  |TAMS 0x000000070f600000, 0x000000070f600000| Untracked 
|  97|0x000000070f800000, 0x000000070f800000, 0x000000070fa00000|  0%| F|  |TAMS 0x000000070f800000, 0x000000070f800000| Untracked 
|  98|0x000000070fa00000, 0x000000070fa00000, 0x000000070fc00000|  0%| F|  |TAMS 0x000000070fa00000, 0x000000070fa00000| Untracked 
|  99|0x000000070fc00000, 0x000000070fc00000, 0x000000070fe00000|  0%| F|  |TAMS 0x000000070fc00000, 0x000000070fc00000| Untracked 
| 100|0x000000070fe00000, 0x000000070fe00000, 0x0000000710000000|  0%| F|  |TAMS 0x000000070fe00000, 0x000000070fe00000| Untracked 
| 101|0x0000000710000000, 0x0000000710000000, 0x0000000710200000|  0%| F|  |TAMS 0x0000000710000000, 0x0000000710000000| Untracked 
| 102|0x0000000710200000, 0x0000000710200000, 0x0000000710400000|  0%| F|  |TAMS 0x0000000710200000, 0x0000000710200000| Untracked 
| 103|0x0000000710400000, 0x0000000710400000, 0x0000000710600000|  0%| F|  |TAMS 0x0000000710400000, 0x0000000710400000| Untracked 
| 104|0x0000000710600000, 0x0000000710600000, 0x0000000710800000|  0%| F|  |TAMS 0x0000000710600000, 0x0000000710600000| Untracked 
| 105|0x0000000710800000, 0x0000000710800000, 0x0000000710a00000|  0%| F|  |TAMS 0x0000000710800000, 0x0000000710800000| Untracked 
| 106|0x0000000710a00000, 0x0000000710a00000, 0x0000000710c00000|  0%| F|  |TAMS 0x0000000710a00000, 0x0000000710a00000| Untracked 
| 107|0x0000000710c00000, 0x0000000710c00000, 0x0000000710e00000|  0%| F|  |TAMS 0x0000000710c00000, 0x0000000710c00000| Untracked 
| 108|0x0000000710e00000, 0x0000000710e00000, 0x0000000711000000|  0%| F|  |TAMS 0x0000000710e00000, 0x0000000710e00000| Untracked 
| 109|0x0000000711000000, 0x0000000711000000, 0x0000000711200000|  0%| F|  |TAMS 0x0000000711000000, 0x0000000711000000| Untracked 
| 110|0x0000000711200000, 0x0000000711200000, 0x0000000711400000|  0%| F|  |TAMS 0x0000000711200000, 0x0000000711200000| Untracked 
| 111|0x0000000711400000, 0x0000000711400000, 0x0000000711600000|  0%| F|  |TAMS 0x0000000711400000, 0x0000000711400000| Untracked 
| 112|0x0000000711600000, 0x0000000711600000, 0x0000000711800000|  0%| F|  |TAMS 0x0000000711600000, 0x0000000711600000| Untracked 
| 113|0x0000000711800000, 0x0000000711800000, 0x0000000711a00000|  0%| F|  |TAMS 0x0000000711800000, 0x0000000711800000| Untracked 
| 114|0x0000000711a00000, 0x0000000711a00000, 0x0000000711c00000|  0%| F|  |TAMS 0x0000000711a00000, 0x0000000711a00000| Untracked 
| 115|0x0000000711c00000, 0x0000000711c00000, 0x0000000711e00000|  0%| F|  |TAMS 0x0000000711c00000, 0x0000000711c00000| Untracked 
| 116|0x0000000711e00000, 0x0000000711e00000, 0x0000000712000000|  0%| F|  |TAMS 0x0000000711e00000, 0x0000000711e00000| Untracked 
| 117|0x0000000712000000, 0x0000000712000000, 0x0000000712200000|  0%| F|  |TAMS 0x0000000712000000, 0x0000000712000000| Untracked 
| 118|0x0000000712200000, 0x0000000712200000, 0x0000000712400000|  0%| F|  |TAMS 0x0000000712200000, 0x0000000712200000| Untracked 
| 119|0x0000000712400000, 0x00000007125542b0, 0x0000000712600000| 66%| E|  |TAMS 0x0000000712400000, 0x0000000712400000| Complete 
| 120|0x0000000712600000, 0x0000000712800000, 0x0000000712800000|100%| E|CS|TAMS 0x0000000712600000, 0x0000000712600000| Complete 
| 121|0x0000000712800000, 0x0000000712a00000, 0x0000000712a00000|100%| E|CS|TAMS 0x0000000712800000, 0x0000000712800000| Complete 
| 122|0x0000000712a00000, 0x0000000712c00000, 0x0000000712c00000|100%| E|CS|TAMS 0x0000000712a00000, 0x0000000712a00000| Complete 
| 123|0x0000000712c00000, 0x0000000712e00000, 0x0000000712e00000|100%| E|CS|TAMS 0x0000000712c00000, 0x0000000712c00000| Complete 
| 124|0x0000000712e00000, 0x0000000713000000, 0x0000000713000000|100%| E|CS|TAMS 0x0000000712e00000, 0x0000000712e00000| Complete 
| 125|0x0000000713000000, 0x0000000713200000, 0x0000000713200000|100%| E|CS|TAMS 0x0000000713000000, 0x0000000713000000| Complete 
| 126|0x0000000713200000, 0x0000000713400000, 0x0000000713400000|100%| E|CS|TAMS 0x0000000713200000, 0x0000000713200000| Complete 

Card table byte_map: [0x00000224725e0000,0x0000022472dd0000] _byte_map_base: 0x000002246edc5000

Marking Bits (Prev, Next): (CMBitMap*) 0x000002246a0475a0, (CMBitMap*) 0x000002246a0475e0
 Prev Bits: [0x00000224735c0000, 0x00000224774e8000)
 Next Bits: [0x00000224774f0000, 0x000002247b418000)

Polling page: 0x00000224697a0000

Metaspace:

Usage:
  Non-class:      3.87 MB used.
      Class:    255.33 KB used.
       Both:      4.12 MB used.

Virtual space:
  Non-class space:        8.00 MB reserved,       4.00 MB ( 50%) committed,  1 nodes.
      Class space:        1.00 GB reserved,     384.00 KB ( <1%) committed,  1 nodes.
             Both:        1.01 GB reserved,       4.38 MB ( <1%) committed. 

Chunk freelists:
   Non-Class:  1.72 MB
       Class:  3.62 MB
        Both:  5.34 MB

MaxMetaspaceSize: unlimited
CompressedClassSpaceSize: 1.00 GB
Initial GC threshold: 21.00 MB
Current GC threshold: 21.00 MB
CDS: on
MetaspaceReclaimPolicy: balanced
 - commit_granule_bytes: 65536.
 - commit_granule_words: 8192.
 - virtual_space_node_default_size: 1048576.
 - enlarge_chunks_in_place: 1.
 - new_chunks_are_fully_committed: 0.
 - uncommit_free_chunks: 1.
 - use_allocation_guard: 0.
 - handle_deallocations: 1.


Internal statistics:

num_allocs_failed_limit: 0.
num_arena_births: 88.
num_arena_deaths: 0.
num_vsnodes_births: 2.
num_vsnodes_deaths: 0.
num_space_committed: 68.
num_space_uncommitted: 0.
num_chunks_returned_to_freelist: 0.
num_chunks_taken_from_freelist: 192.
num_chunk_merges: 0.
num_chunk_splits: 127.
num_chunks_enlarged: 89.
num_purges: 0.
num_inconsistent_stats: 0.

CodeHeap 'non-profiled nmethods': size=120000Kb used=279Kb max_used=279Kb free=119720Kb
 bounds [0x0000022407ad0000, 0x0000022407d40000, 0x000002240f000000]
CodeHeap 'profiled nmethods': size=120000Kb used=1230Kb max_used=1230Kb free=118769Kb
 bounds [0x00000224005a0000, 0x0000022400810000, 0x0000022407ad0000]
CodeHeap 'non-nmethods': size=5760Kb used=1605Kb max_used=1621Kb free=4154Kb
 bounds [0x0000022400000000, 0x0000022400270000, 0x00000224005a0000]
 total_blobs=1816 nmethods=777 adapters=952
 compilation: enabled
              stopped_count=0, restarted_count=0
 full_count=0

Compilation events (20 events):
Event: 1.496 Thread 0x000002247dc470d0  768       1       java.lang.reflect.Method::getName (5 bytes)
Event: 1.496 Thread 0x000002247dc470d0 nmethod 768 0x0000022407b14790 code [0x0000022407b14920, 0x0000022407b149f8]
Event: 1.499 Thread 0x000002247dc394d0  771       4       java.nio.DirectIntBufferU::ix (10 bytes)
Event: 1.499 Thread 0x000002247dc470d0  769       3       java.nio.Buffer::nextPutIndex (30 bytes)
Event: 1.499 Thread 0x000002247dc470d0 nmethod 769 0x00000224006cf310 code [0x00000224006cf4c0, 0x00000224006cf6e8]
Event: 1.499 Thread 0x000002247dc470d0  772   !   3       jdk.internal.misc.ScopedMemoryAccess::putIntInternal (37 bytes)
Event: 1.499 Thread 0x000002247dc394d0 nmethod 771 0x0000022407b14a90 code [0x0000022407b14c00, 0x0000022407b14c78]
Event: 1.499 Thread 0x000002247dc470d0 nmethod 772 0x00000224006cf810 code [0x00000224006cf9c0, 0x00000224006cfce8]
Event: 1.499 Thread 0x000002247dc470d0  773   !   3       java.nio.DirectIntBufferU::put (36 bytes)
Event: 1.500 Thread 0x000002247dc470d0 nmethod 773 0x00000224006cfe90 code [0x00000224006d0100, 0x00000224006d0c08]
Event: 1.500 Thread 0x000002247dc470d0  770   !   3       jdk.internal.misc.ScopedMemoryAccess::putInt (25 bytes)
Event: 1.500 Thread 0x000002247dc394d0  774   !   4       java.nio.DirectIntBufferU::put (36 bytes)
Event: 1.501 Thread 0x000002247dc470d0 nmethod 770 0x00000224006d1190 code [0x00000224006d1380, 0x00000224006d18d8]
Event: 1.502 Thread 0x000002247dc394d0 nmethod 774 0x0000022407b14d90 code [0x0000022407b14f00, 0x0000022407b14ff8]
Event: 1.506 Thread 0x000002247dc470d0  775 %     3       com.ambrosia.World::getData @ 53 (108 bytes)
Event: 1.506 Thread 0x000002247dc470d0 nmethod 775% 0x00000224006d1b10 code [0x00000224006d1d60, 0x00000224006d2708]
Event: 1.507 Thread 0x000002247dc470d0  776       3       com.ambrosia.World::getData (108 bytes)
Event: 1.507 Thread 0x000002247dc470d0 nmethod 776 0x00000224006d2b10 code [0x00000224006d2d60, 0x00000224006d36a8]
Event: 1.507 Thread 0x000002247dc394d0  777 %     4       com.ambrosia.World::getData @ 53 (108 bytes)
Event: 1.532 Thread 0x000002247dc394d0 nmethod 777% 0x0000022407b15110 code [0x0000022407b152a0, 0x0000022407b15a18]

GC Heap History (0 events):
No events

Dll operation events (9 events):
Event: 0.016 Loaded shared library C:\Program Files\Eclipse Adoptium\jdk-17.0.5.8-hotspot\bin\java.dll
Event: 0.032 Loaded shared library C:\Program Files\Eclipse Adoptium\jdk-17.0.5.8-hotspot\bin\jsvml.dll
Event: 0.098 Loaded shared library C:\Program Files\Eclipse Adoptium\jdk-17.0.5.8-hotspot\bin\net.dll
Event: 0.100 Loaded shared library C:\Program Files\Eclipse Adoptium\jdk-17.0.5.8-hotspot\bin\nio.dll
Event: 0.104 Loaded shared library C:\Program Files\Eclipse Adoptium\jdk-17.0.5.8-hotspot\bin\zip.dll
Event: 0.188 Loaded shared library C:\Program Files\Eclipse Adoptium\jdk-17.0.5.8-hotspot\bin\jimage.dll
Event: 0.224 Loaded shared library C:\Users\aadis\AppData\Local\Temp\lwjgl_PoisonedHoney\3.3.2+13\x64\lwjgl.dll
Event: 0.747 Loaded shared library C:\Program Files\Eclipse Adoptium\jdk-17.0.5.8-hotspot\bin\verify.dll
Event: 0.963 Loaded shared library C:\Users\aadis\AppData\Local\Temp\lwjgl_PoisonedHoney\3.3.2+13\x64\lwjgl_opengl.dll

Deoptimization events (20 events):
Event: 0.974 Thread 0x0000022469fdc890 DEOPT PACKING pc=0x000002240061e0f2 sp=0x000000f3f88fe090
Event: 0.974 Thread 0x0000022469fdc890 DEOPT UNPACKING pc=0x0000022400052b43 sp=0x000000f3f88fd508 mode 0
Event: 0.974 Thread 0x0000022469fdc890 DEOPT PACKING pc=0x000002240061e23a sp=0x000000f3f88fe090
Event: 0.975 Thread 0x0000022469fdc890 DEOPT UNPACKING pc=0x0000022400052b43 sp=0x000000f3f88fd508 mode 0
Event: 0.975 Thread 0x0000022469fdc890 DEOPT PACKING pc=0x000002240061e18f sp=0x000000f3f88fe090
Event: 0.975 Thread 0x0000022469fdc890 DEOPT UNPACKING pc=0x0000022400052b43 sp=0x000000f3f88fd508 mode 0
Event: 0.975 Thread 0x0000022469fdc890 DEOPT PACKING pc=0x000002240061e0f2 sp=0x000000f3f88fe090
Event: 0.975 Thread 0x0000022469fdc890 DEOPT UNPACKING pc=0x0000022400052b43 sp=0x000000f3f88fd508 mode 0
Event: 0.975 Thread 0x0000022469fdc890 DEOPT PACKING pc=0x000002240061e0f2 sp=0x000000f3f88fe090
Event: 0.975 Thread 0x0000022469fdc890 DEOPT UNPACKING pc=0x0000022400052b43 sp=0x000000f3f88fd508 mode 0
Event: 0.975 Thread 0x0000022469fdc890 DEOPT PACKING pc=0x000002240061e0f2 sp=0x000000f3f88fe090
Event: 0.975 Thread 0x0000022469fdc890 DEOPT UNPACKING pc=0x0000022400052b43 sp=0x000000f3f88fd508 mode 0
Event: 0.975 Thread 0x0000022469fdc890 DEOPT PACKING pc=0x000002240061e0f2 sp=0x000000f3f88fe090
Event: 0.975 Thread 0x0000022469fdc890 DEOPT UNPACKING pc=0x0000022400052b43 sp=0x000000f3f88fd508 mode 0
Event: 0.975 Thread 0x0000022469fdc890 DEOPT PACKING pc=0x000002240061e23a sp=0x000000f3f88fe090
Event: 0.975 Thread 0x0000022469fdc890 DEOPT UNPACKING pc=0x0000022400052b43 sp=0x000000f3f88fd508 mode 0
Event: 1.493 Thread 0x0000022469fdc890 Uncommon trap: trap_request=0xffffff45 fr.pc=0x0000022407b13834 relative=0x0000000000000414
Event: 1.493 Thread 0x0000022469fdc890 Uncommon trap: reason=unstable_if action=reinterpret pc=0x0000022407b13834 method=java.lang.StringLatin1.newString([BII)Ljava/lang/String; @ 1 c2
Event: 1.493 Thread 0x0000022469fdc890 DEOPT PACKING pc=0x0000022407b13834 sp=0x000000f3f88fd6e0
Event: 1.493 Thread 0x0000022469fdc890 DEOPT UNPACKING pc=0x00000224000523a3 sp=0x000000f3f88fd6c0 mode 2

Classes unloaded (0 events):
No events

Classes redefined (0 events):
No events

Internal exceptions (20 events):
Event: 0.929 Thread 0x0000022469fdc890 Exception <a 'java/lang/ArrayIndexOutOfBoundsException'{0x00000007128d9c48}: Index 100 out of bounds for length 100> (0x00000007128d9c48) 
thrown [s\src\hotspot\share\interpreter\interpreterRuntime.cpp, line 428]
Event: 0.929 Thread 0x0000022469fdc890 Exception <a 'java/lang/ArrayIndexOutOfBoundsException'{0x00000007128d9f68}: Index 100 out of bounds for length 100> (0x00000007128d9f68) 
thrown [s\src\hotspot\share\interpreter\interpreterRuntime.cpp, line 428]
Event: 0.929 Thread 0x0000022469fdc890 Exception <a 'java/lang/ArrayIndexOutOfBoundsException'{0x00000007128da288}: Index 100 out of bounds for length 100> (0x00000007128da288) 
thrown [s\src\hotspot\share\interpreter\interpreterRuntime.cpp, line 428]
Event: 0.929 Thread 0x0000022469fdc890 Exception <a 'java/lang/ArrayIndexOutOfBoundsException'{0x00000007128da5a8}: Index 100 out of bounds for length 100> (0x00000007128da5a8) 
thrown [s\src\hotspot\share\interpreter\interpreterRuntime.cpp, line 428]
Event: 0.929 Thread 0x0000022469fdc890 Exception <a 'java/lang/ArrayIndexOutOfBoundsException'{0x00000007128da8c8}: Index 100 out of bounds for length 100> (0x00000007128da8c8) 
thrown [s\src\hotspot\share\interpreter\interpreterRuntime.cpp, line 428]
Event: 0.929 Thread 0x0000022469fdc890 Exception <a 'java/lang/ArrayIndexOutOfBoundsException'{0x00000007128dabe8}: Index 100 out of bounds for length 100> (0x00000007128dabe8) 
thrown [s\src\hotspot\share\interpreter\interpreterRuntime.cpp, line 428]
Event: 0.929 Thread 0x0000022469fdc890 Exception <a 'java/lang/ArrayIndexOutOfBoundsException'{0x00000007128daf08}: Index 100 out of bounds for length 100> (0x00000007128daf08) 
thrown [s\src\hotspot\share\interpreter\interpreterRuntime.cpp, line 428]
Event: 0.929 Thread 0x0000022469fdc890 Exception <a 'java/lang/ArrayIndexOutOfBoundsException'{0x00000007128db228}: Index 100 out of bounds for length 100> (0x00000007128db228) 
thrown [s\src\hotspot\share\interpreter\interpreterRuntime.cpp, line 428]
Event: 0.929 Thread 0x0000022469fdc890 Exception <a 'java/lang/ArrayIndexOutOfBoundsException'{0x00000007128db548}: Index 100 out of bounds for length 100> (0x00000007128db548) 
thrown [s\src\hotspot\share\interpreter\interpreterRuntime.cpp, line 428]
Event: 0.929 Thread 0x0000022469fdc890 Exception <a 'java/lang/ArrayIndexOutOfBoundsException'{0x00000007128db868}: Index 100 out of bounds for length 100> (0x00000007128db868) 
thrown [s\src\hotspot\share\interpreter\interpreterRuntime.cpp, line 428]
Event: 0.929 Thread 0x0000022469fdc890 Exception <a 'java/lang/ArrayIndexOutOfBoundsException'{0x00000007128dbb88}: Index 100 out of bounds for length 100> (0x00000007128dbb88) 
thrown [s\src\hotspot\share\interpreter\interpreterRuntime.cpp, line 428]
Event: 0.929 Thread 0x0000022469fdc890 Exception <a 'java/lang/ArrayIndexOutOfBoundsException'{0x00000007128dbea8}: Index 100 out of bounds for length 100> (0x00000007128dbea8) 
thrown [s\src\hotspot\share\interpreter\interpreterRuntime.cpp, line 428]
Event: 0.939 Thread 0x0000022469fdc890 Exception <a 'java/lang/ArrayIndexOutOfBoundsException'{0x000000071298c9b8}: Index -1 out of bounds for length 100> (0x000000071298c9b8) 
thrown [s\src\hotspot\share\interpreter\interpreterRuntime.cpp, line 428]
Event: 0.939 Thread 0x0000022469fdc890 Exception <a 'java/lang/ArrayIndexOutOfBoundsException'{0x000000071298ccd8}: Index -1 out of bounds for length 100> (0x000000071298ccd8) 
thrown [s\src\hotspot\share\interpreter\interpreterRuntime.cpp, line 428]
Event: 0.941 Thread 0x0000022469fdc890 Exception <a 'java/lang/ArrayIndexOutOfBoundsException'{0x000000071298d038}: Index -1 out of bounds for length 100> (0x000000071298d038) 
thrown [s\src\hotspot\share\interpreter\interpreterRuntime.cpp, line 428]
Event: 0.941 Thread 0x0000022469fdc890 Exception <a 'java/lang/ArrayIndexOutOfBoundsException'{0x000000071298d358}: Index -1 out of bounds for length 100> (0x000000071298d358) 
thrown [s\src\hotspot\share\interpreter\interpreterRuntime.cpp, line 428]
Event: 0.961 Thread 0x0000022469fdc890 Exception <a 'sun/nio/fs/WindowsException'{0x00000007129cf4f8}> (0x00000007129cf4f8) 
thrown [s\src\hotspot\share\prims\jni.cpp, line 516]
Event: 0.961 Thread 0x0000022469fdc890 Exception <a 'sun/nio/fs/WindowsException'{0x00000007129cf8d0}> (0x00000007129cf8d0) 
thrown [s\src\hotspot\share\prims\jni.cpp, line 516]
Event: 0.977 Thread 0x0000022469fdc890 Exception <a 'sun/nio/fs/WindowsException'{0x00000007129dae00}> (0x00000007129dae00) 
thrown [s\src\hotspot\share\prims\jni.cpp, line 516]
Event: 0.977 Thread 0x0000022469fdc890 Exception <a 'sun/nio/fs/WindowsException'{0x00000007129db110}> (0x00000007129db110) 
thrown [s\src\hotspot\share\prims\jni.cpp, line 516]

VM Operations (6 events):
Event: 0.105 Executing VM operation: HandshakeAllThreads
Event: 0.105 Executing VM operation: HandshakeAllThreads done
Event: 0.243 Executing VM operation: HandshakeAllThreads
Event: 0.243 Executing VM operation: HandshakeAllThreads done
Event: 1.249 Executing VM operation: Cleanup
Event: 1.249 Executing VM operation: Cleanup done

Events (20 events):
Event: 0.958 loading class jdk/internal/misc/ScopedMemoryAccess$Scope
Event: 0.959 loading class jdk/internal/misc/ScopedMemoryAccess$Scope done
Event: 0.984 Thread 0x000002247f0f3aa0 Thread added: 0x000002247f0f3aa0
Event: 1.151 loading class sun/net/ProgressMonitor
Event: 1.151 loading class sun/net/ProgressMonitor done
Event: 1.151 loading class sun/net/DefaultProgressMeteringPolicy
Event: 1.151 loading class sun/net/ProgressMeteringPolicy
Event: 1.151 loading class sun/net/ProgressMeteringPolicy done
Event: 1.152 loading class sun/net/DefaultProgressMeteringPolicy done
Event: 1.392 Thread 0x000002247f0f3aa0 Thread exited: 0x000002247f0f3aa0
Event: 1.473 loading class jdk/internal/module/ModulePatcher$PatchedModuleReader
Event: 1.473 loading class jdk/internal/module/ModulePatcher$PatchedModuleReader done
Event: 1.474 loading class sun/net/www/protocol/jrt/Handler
Event: 1.474 loading class sun/net/www/protocol/jrt/Handler done
Event: 1.483 loading class sun/text/resources/cldr/FormatData_en
Event: 1.483 loading class sun/text/resources/cldr/FormatData_en done
Event: 1.483 loading class sun/text/resources/cldr/FormatData_en_US
Event: 1.483 loading class sun/text/resources/cldr/FormatData_en_US done
Event: 1.496 loading class java/lang/NumberFormatException
Event: 1.496 loading class java/lang/NumberFormatException done


Dynamic libraries:
0x00007ff7a8e40000 - 0x00007ff7a8e4e000 	C:\Program Files\Eclipse Adoptium\jdk-17.0.5.8-hotspot\bin\java.exe
0x00007ffd63cb0000 - 0x00007ffd63ec4000 	C:\WINDOWS\SYSTEM32\ntdll.dll
0x00007ffd61d40000 - 0x00007ffd61e02000 	C:\WINDOWS\System32\KERNEL32.DLL
0x00007ffd61220000 - 0x00007ffd615c3000 	C:\WINDOWS\System32\KERNELBASE.dll
0x00007ffd618e0000 - 0x00007ffd619f1000 	C:\WINDOWS\System32\ucrtbase.dll
0x00007ffd4ece0000 - 0x00007ffd4ecf9000 	C:\Program Files\Eclipse Adoptium\jdk-17.0.5.8-hotspot\bin\VCRUNTIME140.dll
0x00007ffd5c500000 - 0x00007ffd5c517000 	C:\Program Files\Eclipse Adoptium\jdk-17.0.5.8-hotspot\bin\jli.dll
0x00007ffd63450000 - 0x00007ffd635fb000 	C:\WINDOWS\System32\USER32.dll
0x00007ffd61a00000 - 0x00007ffd61a26000 	C:\WINDOWS\System32\win32u.dll
0x00007ffd61bc0000 - 0x00007ffd61be9000 	C:\WINDOWS\System32\GDI32.dll
0x00007ffd45f80000 - 0x00007ffd4620e000 	C:\WINDOWS\WinSxS\amd64_microsoft.windows.common-controls_6595b64144ccf1df_6.0.22621.1465_none_271271ab738361f1\COMCTL32.dll
0x00007ffd615d0000 - 0x00007ffd616e8000 	C:\WINDOWS\System32\gdi32full.dll
0x00007ffd63640000 - 0x00007ffd636e7000 	C:\WINDOWS\System32\msvcrt.dll
0x00007ffd610c0000 - 0x00007ffd6115a000 	C:\WINDOWS\System32\msvcp_win.dll
0x00007ffd63600000 - 0x00007ffd63631000 	C:\WINDOWS\System32\IMM32.DLL
0x00007ffd5c3e0000 - 0x00007ffd5c3ec000 	C:\Program Files\Eclipse Adoptium\jdk-17.0.5.8-hotspot\bin\vcruntime140_1.dll
0x00007ffd4ebc0000 - 0x00007ffd4ec51000 	C:\Program Files\Eclipse Adoptium\jdk-17.0.5.8-hotspot\bin\msvcp140.dll
0x00007ffcd7d20000 - 0x00007ffcd8964000 	C:\Program Files\Eclipse Adoptium\jdk-17.0.5.8-hotspot\bin\server\jvm.dll
0x00007ffd61e10000 - 0x00007ffd61ebe000 	C:\WINDOWS\System32\ADVAPI32.dll
0x00007ffd61c80000 - 0x00007ffd61d24000 	C:\WINDOWS\System32\sechost.dll
0x00007ffd61aa0000 - 0x00007ffd61bb7000 	C:\WINDOWS\System32\RPCRT4.dll
0x00007ffd4d8b0000 - 0x00007ffd4d8b9000 	C:\WINDOWS\SYSTEM32\WSOCK32.dll
0x00007ffd5a5e0000 - 0x00007ffd5a614000 	C:\WINDOWS\SYSTEM32\WINMM.dll
0x00007ffd61fc0000 - 0x00007ffd62031000 	C:\WINDOWS\System32\WS2_32.dll
0x00007ffd588b0000 - 0x00007ffd588ba000 	C:\WINDOWS\SYSTEM32\VERSION.dll
0x00007ffd60180000 - 0x00007ffd60198000 	C:\WINDOWS\SYSTEM32\kernel.appcore.dll
0x00007ffd5c390000 - 0x00007ffd5c39a000 	C:\Program Files\Eclipse Adoptium\jdk-17.0.5.8-hotspot\bin\jimage.dll
0x00007ffd5eab0000 - 0x00007ffd5ecde000 	C:\WINDOWS\SYSTEM32\DBGHELP.DLL
0x00007ffd63820000 - 0x00007ffd63ba9000 	C:\WINDOWS\System32\combase.dll
0x00007ffd61ee0000 - 0x00007ffd61fb7000 	C:\WINDOWS\System32\OLEAUT32.dll
0x00007ffd5a490000 - 0x00007ffd5a4c2000 	C:\WINDOWS\SYSTEM32\dbgcore.DLL
0x00007ffd61860000 - 0x00007ffd618db000 	C:\WINDOWS\System32\bcryptPrimitives.dll
0x00007ffd4eb90000 - 0x00007ffd4ebb5000 	C:\Program Files\Eclipse Adoptium\jdk-17.0.5.8-hotspot\bin\java.dll
0x00007ffd4eab0000 - 0x00007ffd4eb86000 	C:\Program Files\Eclipse Adoptium\jdk-17.0.5.8-hotspot\bin\jsvml.dll
0x00007ffd62440000 - 0x00007ffd62c3a000 	C:\WINDOWS\System32\SHELL32.dll
0x00007ffd5f0c0000 - 0x00007ffd5f98e000 	C:\WINDOWS\SYSTEM32\windows.storage.dll
0x00007ffd5ef80000 - 0x00007ffd5f0be000 	C:\WINDOWS\SYSTEM32\wintypes.dll
0x00007ffd62340000 - 0x00007ffd62431000 	C:\WINDOWS\System32\SHCORE.dll
0x00007ffd63c10000 - 0x00007ffd63c6e000 	C:\WINDOWS\System32\shlwapi.dll
0x00007ffd60ff0000 - 0x00007ffd61011000 	C:\WINDOWS\SYSTEM32\profapi.dll
0x00007ffd4ea90000 - 0x00007ffd4eaa9000 	C:\Program Files\Eclipse Adoptium\jdk-17.0.5.8-hotspot\bin\net.dll
0x00007ffd59b50000 - 0x00007ffd59c87000 	C:\WINDOWS\SYSTEM32\WINHTTP.dll
0x00007ffd60670000 - 0x00007ffd606d9000 	C:\WINDOWS\system32\mswsock.dll
0x00007ffd4ea70000 - 0x00007ffd4ea85000 	C:\Program Files\Eclipse Adoptium\jdk-17.0.5.8-hotspot\bin\nio.dll
0x00007ffd4ea50000 - 0x00007ffd4ea68000 	C:\Program Files\Eclipse Adoptium\jdk-17.0.5.8-hotspot\bin\zip.dll
0x00007ffd4e9d0000 - 0x00007ffd4ea4a000 	C:\Users\aadis\AppData\Local\Temp\lwjgl_PoisonedHoney\3.3.2+13\x64\lwjgl.dll
0x00007ffd28a30000 - 0x00007ffd28ab2000 	C:\Users\aadis\AppData\Local\Temp\lwjgl_PoisonedHoney\3.3.2+13\x64\glfw.dll
0x00007ffd36250000 - 0x00007ffd36296000 	C:\WINDOWS\SYSTEM32\dinput8.dll
0x00007ffd4e9b0000 - 0x00007ffd4e9c1000 	C:\WINDOWS\SYSTEM32\xinput1_4.dll
0x00007ffd60db0000 - 0x00007ffd60dfe000 	C:\WINDOWS\SYSTEM32\cfgmgr32.dll
0x00007ffd60d80000 - 0x00007ffd60dac000 	C:\WINDOWS\SYSTEM32\DEVOBJ.dll
0x00007ffd5e570000 - 0x00007ffd5e59b000 	C:\WINDOWS\SYSTEM32\dwmapi.dll
0x00007ffd4db10000 - 0x00007ffd4dd11000 	C:\WINDOWS\SYSTEM32\inputhost.dll
0x00007ffd5dd30000 - 0x00007ffd5de63000 	C:\WINDOWS\SYSTEM32\CoreMessaging.dll
0x00007ffd5e300000 - 0x00007ffd5e3ab000 	C:\WINDOWS\system32\uxtheme.dll
0x00007ffd636f0000 - 0x00007ffd63818000 	C:\WINDOWS\System32\MSCTF.dll
0x00007ffd608f0000 - 0x00007ffd608fc000 	C:\WINDOWS\SYSTEM32\CRYPTBASE.DLL
0x00007ffd3d7d0000 - 0x00007ffd3d8d0000 	C:\WINDOWS\SYSTEM32\opengl32.dll
0x00007ffd3eb40000 - 0x00007ffd3eb6d000 	C:\WINDOWS\SYSTEM32\GLU32.dll
0x00007ffd5e410000 - 0x00007ffd5e446000 	C:\WINDOWS\SYSTEM32\dxcore.dll
0x00007ffd59810000 - 0x00007ffd59858000 	C:\WINDOWS\SYSTEM32\directxdatabasehelper.dll
0x00007ffd631d0000 - 0x00007ffd63280000 	C:\WINDOWS\System32\clbcatq.dll
0x00007ffd47990000 - 0x00007ffd479bd000 	C:\WINDOWS\System32\DriverStore\FileRepository\u0391400.inf_amd64_78dd64c613d4c112\B391098\atig6pxx.dll
0x00007ffcbc870000 - 0x00007ffcc0e3b000 	C:\WINDOWS\System32\DriverStore\FileRepository\u0391400.inf_amd64_78dd64c613d4c112\B391098\atio6axx.dll
0x00007ffd62d50000 - 0x00007ffd631c4000 	C:\WINDOWS\System32\SETUPAPI.dll
0x00007ffcf5550000 - 0x00007ffcf5585000 	C:\WINDOWS\SYSTEM32\amdihk64.dll
0x00007ffd61a30000 - 0x00007ffd61a9b000 	C:\WINDOWS\System32\WINTRUST.dll
0x00007ffd616f0000 - 0x00007ffd61857000 	C:\WINDOWS\System32\CRYPT32.dll
0x00007ffd60930000 - 0x00007ffd60942000 	C:\WINDOWS\SYSTEM32\MSASN1.dll
0x00007ffd60a90000 - 0x00007ffd60ab8000 	C:\WINDOWS\SYSTEM32\BCrypt.dll
0x00007ffd5e450000 - 0x00007ffd5e546000 	C:\WINDOWS\system32\dxgi.dll
0x00007ffcf3390000 - 0x00007ffcf33b3000 	C:\WINDOWS\system32\d3d12.dll
0x00007ffcb8460000 - 0x00007ffcbc86c000 	C:\WINDOWS\System32\DriverStore\FileRepository\u0391400.inf_amd64_78dd64c613d4c112\B391098\amdxc64.dll
0x00007ffcf2360000 - 0x00007ffcf2562000 	C:\WINDOWS\system32\D3D12Core.dll
0x00007ffd621a0000 - 0x00007ffd6233c000 	C:\WINDOWS\System32\ole32.dll
0x00007ffcf5520000 - 0x00007ffcf554f000 	C:\WINDOWS\SYSTEM32\D3DSCache.dll
0x00007ffd60770000 - 0x00007ffd60798000 	C:\WINDOWS\SYSTEM32\USERENV.dll
0x00007ffd56300000 - 0x00007ffd5656e000 	C:\WINDOWS\SYSTEM32\twinapi.appcore.dll
0x00007ffd5d470000 - 0x00007ffd5d6c7000 	C:\WINDOWS\SYSTEM32\d3d11.dll
0x00007ffd565d0000 - 0x00007ffd56675000 	C:\WINDOWS\System32\DriverStore\FileRepository\86_lenovo_whl_iigd_dch.inf_amd64_68fda88c48ddf023\igd10iumd64.dll
0x00007ffd5e120000 - 0x00007ffd5e1b7000 	C:\WINDOWS\SYSTEM32\apphelp.dll
0x00007ffd553c0000 - 0x00007ffd55ad4000 	C:\WINDOWS\System32\DriverStore\FileRepository\86_lenovo_whl_iigd_dch.inf_amd64_68fda88c48ddf023\igd10um64gen11.DLL
0x00007ffd60a60000 - 0x00007ffd60a8e000 	C:\WINDOWS\SYSTEM32\ncrypt.dll
0x00007ffd60a20000 - 0x00007ffd60a57000 	C:\WINDOWS\SYSTEM32\NTASN1.dll
0x00007ffd54fb0000 - 0x00007ffd553b9000 	C:\WINDOWS\System32\DriverStore\FileRepository\86_lenovo_whl_iigd_dch.inf_amd64_68fda88c48ddf023\igdgmm64.dll
0x00007ffd51810000 - 0x00007ffd54fa4000 	C:\WINDOWS\System32\DriverStore\FileRepository\86_lenovo_whl_iigd_dch.inf_amd64_68fda88c48ddf023\igc64.dll
0x00007ffd5d6d0000 - 0x00007ffd5d913000 	C:\WINDOWS\SYSTEM32\dcomp.dll
0x00007ffd5bb70000 - 0x00007ffd5bb80000 	C:\Program Files\Eclipse Adoptium\jdk-17.0.5.8-hotspot\bin\verify.dll
0x00007ffd33330000 - 0x00007ffd3338e000 	C:\Users\aadis\AppData\Local\Temp\lwjgl_PoisonedHoney\3.3.2+13\x64\lwjgl_opengl.dll
0x00007ffd4f300000 - 0x00007ffd4f42d000 	C:\WINDOWS\SYSTEM32\textinputframework.dll
0x00007ffd58b60000 - 0x00007ffd58ecc000 	C:\WINDOWS\SYSTEM32\CoreUIComponents.dll

dbghelp: loaded successfully - version: 4.0.5 - missing functions: none
symbol engine: initialized successfully - sym options: 0x614 - pdb path: .;C:\Program Files\Eclipse Adoptium\jdk-17.0.5.8-hotspot\bin;C:\WINDOWS\SYSTEM32;C:\WINDOWS\WinSxS\amd64_microsoft.windows.common-controls_6595b64144ccf1df_6.0.22621.1465_none_271271ab738361f1;C:\Program Files\Eclipse Adoptium\jdk-17.0.5.8-hotspot\bin\server;C:\Users\aadis\AppData\Local\Temp\lwjgl_PoisonedHoney\3.3.2+13\x64;C:\WINDOWS\System32\DriverStore\FileRepository\u0391400.inf_amd64_78dd64c613d4c112\B391098;C:\WINDOWS\System32\DriverStore\FileRepository\86_lenovo_whl_iigd_dch.inf_amd64_68fda88c48ddf023

VM Arguments:
jvm_args: -Dfile.encoding=windows-1252 -Duser.country=US -Duser.language=en -Duser.variant 
java_command: com.ambrosia.Main
java_class_path (initial): C:\Users\aadis\OneDrive\Desktop\Java Projects\OpenGL_Test\build\classes\java\main;C:\Users\aadis\OneDrive\Desktop\Java Projects\OpenGL_Test\build\resources\main;C:\Users\aadis\.gradle\caches\modules-2\files-2.1\org.lwjgl\lwjgl-glfw\3.3.2\757920418805fb90bfebb3d46b1d9e7669fca2eb\lwjgl-glfw-3.3.2.jar;C:\Users\aadis\.gradle\caches\modules-2\files-2.1\org.lwjgl\lwjgl-glfw\3.3.2\1251e3cb7e5d6159334cfb9244f789ce992f03b\lwjgl-glfw-3.3.2-natives-windows.jar;C:\Users\aadis\.gradle\caches\modules-2\files-2.1\org.lwjgl\lwjgl-opengl\3.3.2\ee8e95be0b438602038bc1f02dc5e3d011b1b216\lwjgl-opengl-3.3.2.jar;C:\Users\aadis\.gradle\caches\modules-2\files-2.1\org.lwjgl\lwjgl-opengl\3.3.2\83cd34469d4e0bc335bf74c7f62206530a9480bf\lwjgl-opengl-3.3.2-natives-windows.jar;C:\Users\aadis\.gradle\caches\modules-2\files-2.1\org.lwjgl\lwjgl-shaderc\3.3.2\4ee1403751345258489fb971796c2165fbbd2457\lwjgl-shaderc-3.3.2.jar;C:\Users\aadis\.gradle\caches\modules-2\files-2.1\org.lwjgl\lwjgl-shaderc\3.3.2\7729834302c5631ee0b3562acc8e75d579698543\lwjgl-shaderc-3.3.2-natives-windows.jar;C:\Users\aadis\.gradle\caches\modules-2\files-2.1\org.lwjgl\lwjgl\3.3.2\4421d94af68e35dcaa31737a6fc59136a1e61b94\lwjgl-3.3.2.jar;C:\Users\aadis\.gradle\caches\modules-2\files-2.1\org.lwjgl\lwjgl\3.3.2\a55169ced70ffcd15f2162daf4a9c968578f6cd5\lwjgl-3.3.2-natives-windows.jar;C:\Users\aadis\.gradle\caches\modules-2\files-2.1\org.joml\joml\1.10.5\22566d58af70ad3d72308bab63b8339906deb649\joml-1.10.5.jar;C:\Users\aadis\.gradle\caches\modules-2\files-2.1\org.spongepowered\noise\2.0.0-SNAPSHOT\705c07853ddbe15690b656827de03777167f96b5\noise-2.0.0-SNAPSHOT.jar
Launcher Type: SUN_STANDARD

[Global flags]
     intx CICompilerCount                          = 4                                         {product} {ergonomic}
     uint ConcGCThreads                            = 2                                         {product} {ergonomic}
     uint G1ConcRefinementThreads                  = 8                                         {product} {ergonomic}
   size_t G1HeapRegionSize                         = 2097152                                   {product} {ergonomic}
    uintx GCDrainStackTargetSize                   = 64                                        {product} {ergonomic}
   size_t InitialHeapSize                          = 266338304                                 {product} {ergonomic}
   size_t MarkStackSize                            = 4194304                                   {product} {ergonomic}
   size_t MaxHeapSize                              = 4238344192                                {product} {ergonomic}
   size_t MaxNewSize                               = 2541748224                                {product} {ergonomic}
   size_t MinHeapDeltaBytes                        = 2097152                                   {product} {ergonomic}
   size_t MinHeapSize                              = 8388608                                   {product} {ergonomic}
    uintx NonNMethodCodeHeapSize                   = 5839372                                {pd product} {ergonomic}
    uintx NonProfiledCodeHeapSize                  = 122909434                              {pd product} {ergonomic}
    uintx ProfiledCodeHeapSize                     = 122909434                              {pd product} {ergonomic}
    uintx ReservedCodeCacheSize                    = 251658240                              {pd product} {ergonomic}
     bool SegmentedCodeCache                       = true                                      {product} {ergonomic}
   size_t SoftMaxHeapSize                          = 4238344192                             {manageable} {ergonomic}
     bool UseCompressedClassPointers               = true                           {product lp64_product} {ergonomic}
     bool UseCompressedOops                        = true                           {product lp64_product} {ergonomic}
     bool UseG1GC                                  = true                                      {product} {ergonomic}
     bool UseLargePagesIndividualAllocation        = false                                  {pd product} {ergonomic}

Logging:
Log output configuration:
 #0: stdout all=warning uptime,level,tags
 #1: stderr all=off uptime,level,tags

Environment Variables:
PATH=C:\Program Files\Eclipse Adoptium\jdk-17.0.5.8-hotspot\bin;C:\Program Files\AdoptOpenJDK\jdk-16.0.1.9-openj9\bin;C:\Program Files\AdoptOpenJDK\jdk-11.0.11.9-hotspot\bin;C:\Program Files\AdoptOpenJDK\jdk-8.0.265.01-openj9\bin;C:\Program Files (x86)\Common Files\Oracle\Java\javapath;C:\WINDOWS\system32;C:\WINDOWS;C:\WINDOWS\System32\Wbem;C:\WINDOWS\System32\WindowsPowerShell\v1.0\;C:\WINDOWS\System32\OpenSSH\;C:\ProgramData\chocolatey\bin;C:\Program Files\Git\cmd;C:\Program Files (x86)\LLVM\bin;C:\Program Files\PowerShell\7\;C:\Users\aadis\AppData\Local\Microsoft\WindowsApps;C:\Users\aadis\AppData\Local\Programs\Microsoft VS Code\bin;C:\Users\aadis\AppData\Local\GitHubDesktop\bin;C:\Program Files\JetBrains\IntelliJ IDEA 2021.1.3\bin;;C:\Users\aadis\apache-maven-3.8.1;
USERNAME=PoisonedHoney
OS=Windows_NT
PROCESSOR_IDENTIFIER=Intel64 Family 6 Model 142 Stepping 12, GenuineIntel
TMP=C:\Users\aadis\AppData\Local\Temp
TEMP=C:\Users\aadis\AppData\Local\Temp



---------------  S Y S T E M  ---------------

OS:
 Windows 11 , 64 bit Build 22621 (10.0.22621.1680)
OS uptime: 2 days 2:36 hours

CPU: total 8 (initial active 8) (4 cores per cpu, 2 threads per core) family 6 model 142 stepping 12 microcode 0xde, cx8, cmov, fxsr, ht, mmx, 3dnowpref, sse, sse2, sse3, ssse3, sse4.1, sse4.2, popcnt, lzcnt, tsc, tscinvbit, avx, avx2, aes, erms, clmul, bmi1, bmi2, adx, fma, vzeroupper, clflush, clflushopt

Memory: 4k page, system-wide physical 16166M (6298M free)
TotalPageFile size 18854M (AvailPageFile size 5013M)
current process WorkingSet (physical memory assigned to process): 200M, peak: 205M
current process commit charge ("private bytes"): 499M, peak: 509M

vm_info: OpenJDK 64-Bit Server VM (17.0.5+8) for windows-amd64 JRE (17.0.5+8), built on Oct 19 2022 04:48:13 by "temurin" with MS VC++ 16.7 (VS2019)

END.
